#
# A fatal error has been detected by the Java Runtime Environment:
#
#  EXCEPTION_ACCESS_VIOLATION (0xc0000005) at pc=0x000000005e568845, pid=12380, tid=8244
#
# JRE version: Java(TM) SE Runtime Environment (8.0_60-b27) (build 1.8.0_60-b27)
# Java VM: Java HotSpot(TM) 64-Bit Server VM (25.60-b23 mixed mode windows-amd64 compressed oops)
# Problematic frame:
# V  [jvm.dll+0x128845]
#
# Failed to write core dump. Minidumps are not enabled by default on client versions of Windows
#
# If you would like to submit a bug report, please visit:
#   http://bugreport.java.com/bugreport/crash.jsp
#

---------------  T H R E A D  ---------------

Current thread (0x0000000019d4b800):  JavaThread "JDWP Transport Listener: dt_socket" daemon [_thread_in_vm, id=8244, stack(0x000000001a650000,0x000000001a750000)]

siginfo: ExceptionCode=0xc0000005, reading address 0x0000003b00000008

Registers:
RAX=0x000000001a74f501, RBX=0x0000000019d4b800, RCX=0x0000003b00000008, RDX=0x0000000000000000
RSP=0x000000001a74f4d0, RBP=0x0000003b00000008, RSI=0x000000001a74f5e8, RDI=0x0000000002bb9c80
R8 =0x0000000019d4b800, R9 =0x0000000000000000, R10=0x0000000000000000, R11=0x0000000000000064
R12=0x0000000000000000, R13=0x0000000019d42a28, R14=0x0000000000000000, R15=0x0000000000000000
RIP=0x000000005e568845, EFLAGS=0x0000000000010202

Top of Stack: (sp=0x000000001a74f4d0)
0x000000001a74f4d0:   0000000019d4b800 0000000019d4b800
0x000000001a74f4e0:   000000001a74f598 000000005e76e18b
0x000000001a74f4f0:   0000000019d4b800 000000005e78a9ed
0x000000001a74f500:   0000000000000000 000000005e1a9155
0x000000001a74f510:   0000000019e0de60 000000005e1b291e
0x000000001a74f520:   0000000019d4b800 0000000000000000
0x000000001a74f530:   0000000000000000 0000000000000000
0x000000001a74f540:   0000003b00000008 000000005e1b1a15
0x000000001a74f550:   000000001a74f5e8 000000001a74f5c0
0x000000001a74f560:   0000000000000001 0000000019e0de60
0x000000001a74f570:   0000003b00000008 000000005e1953b3
0x000000001a74f580:   000000001a74f6b0 0000000000000001
0x000000001a74f590:   0000000000000001 0000000019e0de60
0x000000001a74f5a0:   0000000000000009 0000000000000000
0x000000001a74f5b0:   0000000000000000 0000000000000000
0x000000001a74f5c0:   0000000000000001 000000005e195571 

Instructions: (pc=0x000000005e568845)
0x000000005e568825:   cc cc cc cc cc cc cc cc cc cc cc 48 83 ec 28 48
0x000000005e568835:   85 c9 75 07 33 c0 48 83 c4 28 c3 48 89 5c 24 20
0x000000005e568845:   48 8b 19 48 85 db 74 20 48 83 fb 37 74 1a 48 8b
0x000000005e568855:   13 48 8b cb ff 52 10 84 c0 74 0d 48 8b c3 48 8b 


Register to memory mapping:

RAX=0x000000001a74f501 is pointing into the stack for thread: 0x0000000019d4b800
RBX=0x0000000019d4b800 is a thread
RCX=0x0000003b00000008 is an unknown value
RDX=0x0000000000000000 is an unknown value
RSP=0x000000001a74f4d0 is pointing into the stack for thread: 0x0000000019d4b800
RBP=0x0000003b00000008 is an unknown value
RSI=0x000000001a74f5e8 is pointing into the stack for thread: 0x0000000019d4b800
RDI=0x0000000002bb9c80 is an unknown value
R8 =0x0000000019d4b800 is a thread
R9 =0x0000000000000000 is an unknown value
R10=0x0000000000000000 is an unknown value
R11=0x0000000000000064 is an unknown value
R12=0x0000000000000000 is an unknown value
R13=0x0000000019d42a28 is an unknown value
R14=0x0000000000000000 is an unknown value
R15=0x0000000000000000 is an unknown value


Stack: [0x000000001a650000,0x000000001a750000],  sp=0x000000001a74f4d0,  free space=1021k
Native frames: (J=compiled Java code, j=interpreted, Vv=VM code, C=native code)
V  [jvm.dll+0x128845]
V  [jvm.dll+0x34a9ed]
C  [jdwp.dll+0x21a15]
C  [jdwp.dll+0x53b3]
C  [jdwp.dll+0x5571]
C  [jdwp.dll+0xf0a8]
C  [jdwp.dll+0x1f2d5]
C  [jdwp.dll+0x1f4aa]
V  [jvm.dll+0x1bb8e8]
V  [jvm.dll+0x243134]
V  [jvm.dll+0x299f6a]
C  [msvcr100.dll+0x21d9f]
C  [msvcr100.dll+0x21e3b]
C  [KERNEL32.DLL+0x12d92]
C  [ntdll.dll+0x9f64]


---------------  P R O C E S S  ---------------

Java Threads: ( => current thread )
  0x0000000019e0b000 JavaThread "Service Thread" daemon [_thread_blocked, id=6616, stack(0x000000001ad50000,0x000000001ae50000)]
  0x0000000019d6a000 JavaThread "C1 CompilerThread3" daemon [_thread_blocked, id=10528, stack(0x000000001ac50000,0x000000001ad50000)]
  0x0000000019d69800 JavaThread "C2 CompilerThread2" daemon [_thread_blocked, id=3784, stack(0x000000001ab50000,0x000000001ac50000)]
  0x0000000019d66800 JavaThread "C2 CompilerThread1" daemon [_thread_blocked, id=14108, stack(0x000000001aa50000,0x000000001ab50000)]
  0x0000000019d5f800 JavaThread "C2 CompilerThread0" daemon [_thread_blocked, id=5324, stack(0x000000001a950000,0x000000001aa50000)]
  0x0000000019d54800 JavaThread "JDWP Command Reader" daemon [_thread_in_native, id=8520, stack(0x000000001a850000,0x000000001a950000)]
  0x0000000019d4d800 JavaThread "JDWP Event Helper Thread" daemon [_thread_blocked, id=9520, stack(0x000000001a750000,0x000000001a850000)]
=>0x0000000019d4b800 JavaThread "JDWP Transport Listener: dt_socket" daemon [_thread_in_vm, id=8244, stack(0x000000001a650000,0x000000001a750000)]
  0x0000000019d36800 JavaThread "Attach Listener" daemon [_thread_blocked, id=10728, stack(0x000000001a210000,0x000000001a310000)]
  0x0000000019d35800 JavaThread "Signal Dispatcher" daemon [_thread_blocked, id=8908, stack(0x000000001a110000,0x000000001a210000)]
  0x0000000002cba800 JavaThread "Finalizer" daemon [_thread_blocked, id=11756, stack(0x0000000019b20000,0x0000000019c20000)]
  0x0000000002cb4000 JavaThread "Reference Handler" daemon [_thread_blocked, id=11592, stack(0x0000000019a20000,0x0000000019b20000)]
  0x0000000002bbe800 JavaThread "main" [_thread_blocked, id=11548, stack(0x0000000002a10000,0x0000000002b10000)]

Other Threads:
  0x0000000017c39000 VMThread [stack: 0x0000000019920000,0x0000000019a20000] [id=6864]
  0x0000000019e11800 WatcherThread [stack: 0x000000001ae50000,0x000000001af50000] [id=12404]

VM state:not at safepoint (normal execution)

VM Mutex/Monitor currently owned by a thread: None

Heap:
 PSYoungGen      total 38400K, used 2662K [0x00000000d5f00000, 0x00000000d8980000, 0x0000000100000000)
  eden space 33280K, 8% used [0x00000000d5f00000,0x00000000d6199a70,0x00000000d7f80000)
  from space 5120K, 0% used [0x00000000d8480000,0x00000000d8480000,0x00000000d8980000)
  to   space 5120K, 0% used [0x00000000d7f80000,0x00000000d7f80000,0x00000000d8480000)
 ParOldGen       total 87552K, used 0K [0x0000000081c00000, 0x0000000087180000, 0x00000000d5f00000)
  object space 87552K, 0% used [0x0000000081c00000,0x0000000081c00000,0x0000000087180000)
 Metaspace       used 2658K, capacity 4566K, committed 4864K, reserved 1056768K
  class space    used 297K, capacity 390K, committed 512K, reserved 1048576K

Card table byte_map: [0x0000000012080000,0x0000000012480000] byte_map_base: 0x0000000011c72000

Marking Bits: (ParMarkBitMap*) 0x000000005ec4a5b0
 Begin Bits: [0x0000000012f30000, 0x0000000014ec0000)
 End Bits:   [0x0000000014ec0000, 0x0000000016e50000)

Polling page: 0x00000000011f0000

CodeCache: size=245760Kb used=1107Kb max_used=1107Kb free=244652Kb
 bounds [0x0000000002cc0000, 0x0000000002f30000, 0x0000000011cc0000]
 total_blobs=258 nmethods=31 adapters=149
 compilation: enabled

Compilation events (10 events):
Event: 0.267 Thread 0x0000000019d6a000   26       3       java.lang.StringBuilder::append (8 bytes)
Event: 0.267 Thread 0x0000000019d6a000 nmethod 26 0x0000000002dd3450 code [0x0000000002dd35c0, 0x0000000002dd3768]
Event: 0.269 Thread 0x0000000019d6a000   27       3       java.lang.String::startsWith (72 bytes)
Event: 0.270 Thread 0x0000000019d6a000 nmethod 27 0x0000000002dd2dd0 code [0x0000000002dd2f40, 0x0000000002dd3270]
Event: 0.270 Thread 0x0000000019d6a000   28       3       java.lang.String::startsWith (7 bytes)
Event: 0.270 Thread 0x0000000019d6a000 nmethod 28 0x0000000002dd2990 code [0x0000000002dd2b00, 0x0000000002dd2d28]
Event: 0.272 Thread 0x0000000019d6a000   29       3       java.util.concurrent.ConcurrentHashMap::tabAt (21 bytes)
Event: 0.273 Thread 0x0000000019d6a000 nmethod 29 0x0000000002dd1f90 code [0x0000000002dd20e0, 0x0000000002dd2310]
Event: 0.273 Thread 0x0000000019d6a000   31       3       java.lang.String::getChars (62 bytes)
Event: 0.274 Thread 0x0000000019d6a000 nmethod 31 0x0000000002dd1610 code [0x0000000002dd17e0, 0x0000000002dd1c98]

GC Heap History (0 events):
No events

Deoptimization events (0 events):
No events

Internal exceptions (2 events):
Event: 0.071 Thread 0x0000000002bbe800 Exception <a 'java/lang/NoSuchMethodError': Method sun.misc.Unsafe.defineClass(Ljava/lang/String;[BII)Ljava/lang/Class; name or signature does not match> (0x00000000d5f0d578) thrown at [C:\re\workspace\8-2-build-windows-amd64-cygwin\jdk8u60\4407\hotspot\sr~@|mâ²?
Event: 0.071 Thread 0x0000000002bbe800 Exception <a 'java/lang/NoSuchMethodError': Method sun.misc.Unsafe.prefetchRead(Ljava/lang/Object;J)V name or signature does not match> (0x00000000d5f0d860) thrown at [C:\re\workspace\8-2-build-windows-amd64-cygwin\jdk8u60\4407\hotspot\src\share\vm\prims\j

Events (10 events):
Event: 641.865 Executing VM operation: GetCurrentLocation
Event: 641.865 Executing VM operation: GetCurrentLocation done
Event: 641.865 Executing VM operation: EnterInterpOnlyMode
Event: 641.865 Executing VM operation: EnterInterpOnlyMode done
Event: 641.865 Executing VM operation: ChangeSingleStep
Event: 641.865 Executing VM operation: ChangeSingleStep done
Event: 641.865 Executing VM operation: ChangeSingleStep
Event: 641.865 Executing VM operation: ChangeSingleStep done
Event: 641.870 Executing VM operation: RedefineClasses
Event: 641.870 Executing VM operation: RedefineClasses done


Dynamic libraries:
0x00007ff686fb0000 - 0x00007ff686fe7000 	C:\Program Files\Java\jre1.8.0_60\bin\javaw.exe
0x00007ffb23ec0000 - 0x00007ffb24081000 	C:\WINDOWS\SYSTEM32\ntdll.dll
0x00007ffb21ab0000 - 0x00007ffb21b5d000 	C:\WINDOWS\system32\KERNEL32.DLL
0x00007ffb213b0000 - 0x00007ffb2158d000 	C:\WINDOWS\system32\KERNELBASE.dll
0x00007ffb23670000 - 0x00007ffb23716000 	C:\WINDOWS\system32\ADVAPI32.dll
0x00007ffb23720000 - 0x00007ffb237bd000 	C:\WINDOWS\system32\msvcrt.dll
0x00007ffb21610000 - 0x00007ffb2166b000 	C:\WINDOWS\system32\sechost.dll
0x00007ffb21b60000 - 0x00007ffb21c86000 	C:\WINDOWS\system32\RPCRT4.dll
0x00007ffb23d70000 - 0x00007ffb23ebe000 	C:\WINDOWS\system32\USER32.dll
0x00007ffb23310000 - 0x00007ffb23496000 	C:\WINDOWS\system32\GDI32.dll
0x00007ffb17c70000 - 0x00007ffb17ee4000 	C:\WINDOWS\WinSxS\amd64_microsoft.windows.common-controls_6595b64144ccf1df_6.0.10240.16384_none_f41f7b285750ef43\COMCTL32.dll
0x00007ffb218b0000 - 0x00007ffb218e6000 	C:\WINDOWS\system32\IMM32.DLL
0x00007ffb21750000 - 0x00007ffb218ac000 	C:\WINDOWS\system32\MSCTF.dll
0x000000005e1d0000 - 0x000000005e2a2000 	C:\Program Files\Java\jre1.8.0_60\bin\msvcr100.dll
0x000000005e440000 - 0x000000005ecc9000 	C:\Program Files\Java\jre1.8.0_60\bin\server\jvm.dll
0x00007ffb218f0000 - 0x00007ffb218f8000 	C:\WINDOWS\system32\PSAPI.DLL
0x00007ffb18b80000 - 0x00007ffb18b89000 	C:\WINDOWS\SYSTEM32\WSOCK32.dll
0x00007ffb17f10000 - 0x00007ffb17f1a000 	C:\WINDOWS\SYSTEM32\VERSION.dll
0x00007ffb1eab0000 - 0x00007ffb1ead3000 	C:\WINDOWS\SYSTEM32\WINMM.dll
0x00007ffb238f0000 - 0x00007ffb23959000 	C:\WINDOWS\system32\WS2_32.dll
0x00007ffb23d00000 - 0x00007ffb23d08000 	C:\WINDOWS\system32\NSI.dll
0x0000000001220000 - 0x000000000124c000 	C:\WINDOWS\SYSTEM32\WINMMBASE.dll
0x00007ffb20990000 - 0x00007ffb209d4000 	C:\WINDOWS\system32\cfgmgr32.dll
0x00007ffb1f260000 - 0x00007ffb1f287000 	C:\WINDOWS\SYSTEM32\DEVOBJ.dll
0x000000005e430000 - 0x000000005e43f000 	C:\Program Files\Java\jre1.8.0_60\bin\verify.dll
0x000000005e400000 - 0x000000005e429000 	C:\Program Files\Java\jre1.8.0_60\bin\java.dll
0x000000005e190000 - 0x000000005e1c5000 	C:\Program Files\Java\jre1.8.0_60\bin\jdwp.dll
0x000000005e180000 - 0x000000005e188000 	C:\Program Files\Java\jre1.8.0_60\bin\npt.dll
0x000000005e3e0000 - 0x000000005e3f6000 	C:\Program Files\Java\jre1.8.0_60\bin\zip.dll
0x00007ffb21de0000 - 0x00007ffb23302000 	C:\WINDOWS\system32\SHELL32.dll
0x00007ffb20bb0000 - 0x00007ffb211d9000 	C:\WINDOWS\system32\windows.storage.dll
0x00007ffb23960000 - 0x00007ffb23bdc000 	C:\WINDOWS\system32\combase.dll
0x00007ffb23d10000 - 0x00007ffb23d61000 	C:\WINDOWS\system32\shlwapi.dll
0x00007ffb20910000 - 0x00007ffb2091f000 	C:\WINDOWS\system32\kernel.appcore.dll
0x00007ffb209e0000 - 0x00007ffb20a93000 	C:\WINDOWS\system32\shcore.dll
0x00007ffb20920000 - 0x00007ffb2096a000 	C:\WINDOWS\system32\powrprof.dll
0x00007ffb208f0000 - 0x00007ffb20903000 	C:\WINDOWS\system32\profapi.dll
0x000000005e170000 - 0x000000005e179000 	C:\Program Files\Java\jre1.8.0_60\bin\dt_socket.dll
0x00007ffb14cc0000 - 0x00007ffb14cd5000 	C:\WINDOWS\system32\napinsp.dll
0x00007ffb14d00000 - 0x00007ffb14d1a000 	C:\WINDOWS\system32\pnrpnsp.dll
0x00007ffb1d2d0000 - 0x00007ffb1d2e8000 	C:\WINDOWS\system32\NLAapi.dll
0x00007ffb20180000 - 0x00007ffb201dd000 	C:\WINDOWS\System32\mswsock.dll
0x00007ffb1ff00000 - 0x00007ffb1ffa8000 	C:\WINDOWS\SYSTEM32\DNSAPI.dll
0x00007ffb14d20000 - 0x00007ffb14d2d000 	C:\WINDOWS\System32\winrnr.dll
0x00007ffb14d30000 - 0x00007ffb14d45000 	C:\WINDOWS\system32\wshbth.dll
0x00007ffb1a070000 - 0x00007ffb1a0d8000 	C:\WINDOWS\System32\fwpuclnt.dll
0x00007ffb20820000 - 0x00007ffb20848000 	C:\WINDOWS\SYSTEM32\bcrypt.dll
0x00007ffb180b0000 - 0x00007ffb180ba000 	C:\Windows\System32\rasadhlp.dll
0x00007ffb1d030000 - 0x00007ffb1d1ba000 	C:\WINDOWS\SYSTEM32\dbghelp.dll

VM Arguments:
jvm_args: -agentlib:jdwp=transport=dt_socket,suspend=y,address=localhost:61614 -Dfile.encoding=Cp1252 
java_command: vecka4.sortCustomers.CustomerValue
java_class_path (initial): C:\Users\borgs_000\git\Vecka1OOPJ\OOPJ15\bin
Launcher Type: SUN_STANDARD

Environment Variables:
JAVA_HOME=C:\Program Files\Java\jdk1.8.0_05
PATH=C:/Program Files/Java/jre1.8.0_60/bin/server;C:/Program Files/Java/jre1.8.0_60/bin;C:/Program Files/Java/jre1.8.0_60/lib/amd64;C:\ProgramData\Oracle\Java\javapath;C:\Program Files (x86)\NVIDIA Corporation\PhysX\Common;C:\Program Files (x86)\Intel\iCLS Client\;C:\Program Files\Intel\iCLS Client\;C:\WINDOWS\system32;C:\WINDOWS;C:\WINDOWS\System32\Wbem;C:\WINDOWS\System32\WindowsPowerShell\v1.0\;C:\Program Files (x86)\ATI Technologies\ATI.ACE\Core-Static;C:\Program Files\Microsoft SQL Server\110\Tools\Binn\;C:\Program Files\Microsoft SQL Server\120\Tools\Binn\;C:\Program Files (x86)\Microsoft SDKs\TypeScript\1.0\;C:\Program Files (x86)\AMD\ATI.ACE\Core-Static;C:\Program Files\Intel\WiFi\bin\;C:\Program Files\Common Files\Intel\WirelessCommon\;C:\Program Files\Samsung\SamsungLink\AllShare Framework DMS\bin\;C:\Program Files (x86)\Intel\Intel(R) Management Engine Components\DAL;C:\Program Files\Intel\Intel(R) Management Engine Components\DAL;C:\Program Files (x86)\Intel\Intel(R) Management Engine Components\IPT;C:\Program Files\Intel\Intel(R) Management Engine Components\IPT;C:\Program Files (x86)\Skype\Phone\;C:\Program Files\Intel\WiFi\bin\;C:\Program Files\Common Files\Intel\WirelessCommon\;C:\WINDOWS\system32;
USERNAME=borgs_000
OS=Windows_NT
PROCESSOR_IDENTIFIER=Intel64 Family 6 Model 58 Stepping 9, GenuineIntel



---------------  S Y S T E M  ---------------

OS: Windows 10.0 , 64 bit Build 10240 (10.0.10240.16384)

CPU:total 8 (4 cores per cpu, 2 threads per core) family 6 model 58 stepping 9, cmov, cx8, fxsr, mmx, sse, sse2, sse3, ssse3, sse4.1, sse4.2, popcnt, avx, aes, clmul, erms, ht, tsc, tscinvbit, tscinv

Memory: 4k page, physical 8272660k(3725976k free), swap 10500884k(3081068k free)

vm_info: Java HotSpot(TM) 64-Bit Server VM (25.60-b23) for windows-amd64 JRE (1.8.0_60-b27), built on Aug  4 2015 11:06:27 by "java_re" with MS VC++ 10.0 (VS2010)

time: Tue Oct 13 15:02:04 2015
elapsed time: 641 seconds (0d 0h 10m 41s)

